# lattice-scale --inv-acoustic-scale=10 "ark:gunzip -c exp/mono/decode/lat.*.gz|" ark:- | lattice-add-penalty --word-ins-penalty=0.0 ark:- ark:- | lattice-best-path --word-symbol-table=exp/mono/graph/words.txt ark:- ark,t:exp/mono/decode/scoring/10.tra 
# Started at Mon Aug 24 16:36:35 CEST 2020
#
lattice-add-penalty --word-ins-penalty=0.0 ark:- ark:- 
lattice-best-path --word-symbol-table=exp/mono/graph/words.txt ark:- ark,t:exp/mono/decode/scoring/10.tra 
lattice-scale --inv-acoustic-scale=10 'ark:gunzip -c exp/mono/decode/lat.*.gz|' ark:- 
LOG (lattice-best-path[5.5.772~1-8eb56]:main():lattice-best-path.cc:99) For utterance 1_0_0_0_0_0_0_0, best cost 57.5198 + 5648.77 = 5706.29 over 668 frames.
1_0_0_0_0_0_0_0 YES NO NO NO NO NO NO NO 
LOG (lattice-best-path[5.5.772~1-8eb56]:main():lattice-best-path.cc:99) For utterance 1_0_0_0_0_0_0_1, best cost 51.1278 + 5806.71 = 5857.83 over 672 frames.
1_0_0_0_0_0_0_1 YES NO NO NO NO NO NO YES 
LOG (lattice-best-path[5.5.772~1-8eb56]:main():lattice-best-path.cc:99) For utterance 1_0_0_0_0_0_1_1, best cost 54.7885 + 5290.63 = 5345.42 over 625 frames.
1_0_0_0_0_0_1_1 YES NO NO NO NO NO YES YES 
LOG (lattice-best-path[5.5.772~1-8eb56]:main():lattice-best-path.cc:99) For utterance 1_0_0_0_1_0_0_1, best cost 54.7354 + 5284.34 = 5339.07 over 621 frames.
1_0_0_0_1_0_0_1 YES NO NO NO YES NO NO YES 
LOG (lattice-best-path[5.5.772~1-8eb56]:main():lattice-best-path.cc:99) For utterance 1_0_0_1_0_1_1_1, best cost 54.1728 + 5679.59 = 5733.77 over 613 frames.
1_0_0_1_0_1_1_1 YES NO NO YES NO YES YES YES 
LOG (lattice-best-path[5.5.772~1-8eb56]:main():lattice-best-path.cc:99) For utterance 1_0_1_0_1_0_0_1, best cost 56.2454 + 4311.99 = 4368.23 over 492 frames.
1_0_1_0_1_0_0_1 YES NO YES NO YES NO NO YES 
LOG (lattice-best-path[5.5.772~1-8eb56]:main():lattice-best-path.cc:99) For utterance 1_0_1_1_0_1_1_1, best cost 56.0165 + 5082.93 = 5138.95 over 594 frames.
1_0_1_1_0_1_1_1 YES NO YES YES NO YES YES YES 
LOG (lattice-best-path[5.5.772~1-8eb56]:main():lattice-best-path.cc:99) For utterance 1_0_1_1_1_0_1_0, best cost 56.5254 + 5149.33 = 5205.86 over 596 frames.
1_0_1_1_1_0_1_0 YES NO YES YES YES NO YES NO 
LOG (lattice-best-path[5.5.772~1-8eb56]:main():lattice-best-path.cc:99) For utterance 1_0_1_1_1_1_0_1, best cost 56.204 + 5432.39 = 5488.59 over 640 frames.
1_0_1_1_1_1_0_1 YES NO YES YES YES YES NO YES 
LOG (lattice-best-path[5.5.772~1-8eb56]:main():lattice-best-path.cc:99) For utterance 1_1_0_0_0_0_0_1, best cost 55.0675 + 5379.05 = 5434.11 over 606 frames.
1_1_0_0_0_0_0_1 YES YES NO NO NO NO NO YES 
LOG (lattice-best-path[5.5.772~1-8eb56]:main():lattice-best-path.cc:99) For utterance 1_1_0_0_0_1_1_1, best cost 51.7883 + 5271.88 = 5323.67 over 616 frames.
1_1_0_0_0_1_1_1 YES YES NO NO NO YES YES YES 
LOG (lattice-best-path[5.5.772~1-8eb56]:main():lattice-best-path.cc:99) For utterance 1_1_0_0_1_0_1_0, best cost 56.7011 + 5181.09 = 5237.8 over 570 frames.
1_1_0_0_1_0_1_0 YES YES NO NO YES NO YES NO 
LOG (lattice-best-path[5.5.772~1-8eb56]:main():lattice-best-path.cc:99) For utterance 1_1_0_0_1_0_1_1, best cost 56.2688 + 5191.25 = 5247.52 over 612 frames.
1_1_0_0_1_0_1_1 YES YES NO NO YES NO YES YES 
LOG (lattice-best-path[5.5.772~1-8eb56]:main():lattice-best-path.cc:99) For utterance 1_1_0_0_1_1_1_0, best cost 56.3075 + 5297.53 = 5353.83 over 616 frames.
1_1_0_0_1_1_1_0 YES YES NO NO YES YES YES NO 
LOG (lattice-best-path[5.5.772~1-8eb56]:main():lattice-best-path.cc:99) For utterance 1_1_0_1_0_1_0_0, best cost 56.3748 + 4641.31 = 4697.68 over 546 frames.
1_1_0_1_0_1_0_0 YES YES NO YES NO YES NO NO 
LOG (lattice-best-path[5.5.772~1-8eb56]:main():lattice-best-path.cc:99) For utterance 1_1_0_1_0_1_1_0, best cost 56.5302 + 5036.99 = 5093.52 over 599 frames.
1_1_0_1_0_1_1_0 YES YES NO YES NO YES YES NO 
LOG (lattice-best-path[5.5.772~1-8eb56]:main():lattice-best-path.cc:99) For utterance 1_1_0_1_1_0_0_1, best cost 54.3924 + 5522.33 = 5576.73 over 612 frames.
1_1_0_1_1_0_0_1 YES YES NO YES YES NO NO YES 
LOG (lattice-best-path[5.5.772~1-8eb56]:main():lattice-best-path.cc:99) For utterance 1_1_0_1_1_0_1_1, best cost 58.8088 + 4995.17 = 5053.98 over 585 frames.
1_1_0_1_1_0_1_1 YES YES NO YES YES NO YES YES 
LOG (lattice-best-path[5.5.772~1-8eb56]:main():lattice-best-path.cc:99) For utterance 1_1_0_1_1_1_1_0, best cost 58.7465 + 5437.21 = 5495.96 over 619 frames.
1_1_0_1_1_1_1_0 YES YES NO YES YES YES YES NO 
LOG (lattice-best-path[5.5.772~1-8eb56]:main():lattice-best-path.cc:99) For utterance 1_1_1_0_0_0_0_1, best cost 49.9369 + 5089.11 = 5139.05 over 602 frames.
1_1_1_0_0_0_0_1 YES YES YES NO NO NO NO YES 
LOG (lattice-best-path[5.5.772~1-8eb56]:main():lattice-best-path.cc:99) For utterance 1_1_1_0_0_1_0_1, best cost 56.5518 + 5343.87 = 5400.42 over 633 frames.
1_1_1_0_0_1_0_1 YES YES YES NO NO YES NO YES 
LOG (lattice-scale[5.5.772~1-8eb56]:main():lattice-scale.cc:107) Done 29 lattices.
LOG (lattice-best-path[5.5.772~1-8eb56]:main():lattice-best-path.cc:99) For utterance 1_1_1_0_0_1_1_1, best cost 55.9366 + 5018.69 = 5074.62 over 569 frames.
1_1_1_0_0_1_1_1 YES YES YES NO NO YES YES YES 
LOG (lattice-best-path[5.5.772~1-8eb56]:main():lattice-best-path.cc:99) For utterance 1_1_1_0_1_0_1_0, best cost 56.5289 + 5230.89 = 5287.42 over 605 frames.
1_1_1_0_1_0_1_0 YES YES YES NO YES NO YES NO 
LOG (lattice-best-path[5.5.772~1-8eb56]:main():lattice-best-path.cc:99) For utterance 1_1_1_0_1_0_1_1, best cost 55.9645 + 5268.69 = 5324.65 over 620 frames.
1_1_1_0_1_0_1_1 YES YES YES NO YES NO YES YES 
LOG (lattice-add-penalty[5.5.772~1-8eb56]:main():lattice-add-penalty.cc:62) Done adding word insertion penalty to 29 lattices.
LOG (lattice-best-path[5.5.772~1-8eb56]:main():lattice-best-path.cc:99) For utterance 1_1_1_1_0_0_1_0, best cost 57.121 + 5691.29 = 5748.41 over 670 frames.
1_1_1_1_0_0_1_0 YES YES YES YES NO NO YES NO 
LOG (lattice-best-path[5.5.772~1-8eb56]:main():lattice-best-path.cc:99) For utterance 1_1_1_1_0_1_0_0, best cost 53.624 + 4845.9 = 4899.52 over 538 frames.
1_1_1_1_0_1_0_0 YES YES YES YES NO YES NO NO 
LOG (lattice-best-path[5.5.772~1-8eb56]:main():lattice-best-path.cc:99) For utterance 1_1_1_1_1_0_0_0, best cost 54.6902 + 5467.41 = 5522.1 over 612 frames.
1_1_1_1_1_0_0_0 YES YES YES YES YES NO NO NO 
LOG (lattice-best-path[5.5.772~1-8eb56]:main():lattice-best-path.cc:99) For utterance 1_1_1_1_1_1_0_0, best cost 54.0961 + 5722.75 = 5776.84 over 656 frames.
1_1_1_1_1_1_0_0 YES YES YES YES YES YES NO NO 
LOG (lattice-best-path[5.5.772~1-8eb56]:main():lattice-best-path.cc:99) For utterance 1_1_1_1_1_1_1_1, best cost 55.8221 + 5340.27 = 5396.1 over 644 frames.
1_1_1_1_1_1_1_1 YES YES YES YES YES YES YES YES 
LOG (lattice-best-path[5.5.772~1-8eb56]:main():lattice-best-path.cc:124) Overall cost per frame is 8.7399 = 0.0911333 [graph] + 8.64877 [acoustic] over 17651 frames.
LOG (lattice-best-path[5.5.772~1-8eb56]:main():lattice-best-path.cc:128) Done 29 lattices, failed for 0
# Accounting: time=0 threads=1
# Ended (code 0) at Mon Aug 24 16:36:35 CEST 2020, elapsed time 0 seconds
