# lattice-scale --inv-acoustic-scale=8 "ark:gunzip -c exp/mono/decode/lat.*.gz|" ark:- | lattice-add-penalty --word-ins-penalty=0.0 ark:- ark:- | lattice-best-path --word-symbol-table=exp/mono/graph/words.txt ark:- ark,t:exp/mono/decode/scoring/8.tra 
# Started at Mon Aug 24 16:36:35 CEST 2020
#
lattice-best-path --word-symbol-table=exp/mono/graph/words.txt ark:- ark,t:exp/mono/decode/scoring/8.tra 
lattice-add-penalty --word-ins-penalty=0.0 ark:- ark:- 
lattice-scale --inv-acoustic-scale=8 'ark:gunzip -c exp/mono/decode/lat.*.gz|' ark:- 
LOG (lattice-best-path[5.5.772~1-8eb56]:main():lattice-best-path.cc:99) For utterance 1_0_0_0_0_0_0_0, best cost 57.5198 + 7060.96 = 7118.48 over 668 frames.
1_0_0_0_0_0_0_0 YES NO NO NO NO NO NO NO 
LOG (lattice-best-path[5.5.772~1-8eb56]:main():lattice-best-path.cc:99) For utterance 1_0_0_0_0_0_0_1, best cost 51.1278 + 7258.38 = 7309.51 over 672 frames.
1_0_0_0_0_0_0_1 YES NO NO NO NO NO NO YES 
LOG (lattice-best-path[5.5.772~1-8eb56]:main():lattice-best-path.cc:99) For utterance 1_0_0_0_0_0_1_1, best cost 54.7885 + 6613.29 = 6668.07 over 625 frames.
1_0_0_0_0_0_1_1 YES NO NO NO NO NO YES YES 
LOG (lattice-best-path[5.5.772~1-8eb56]:main():lattice-best-path.cc:99) For utterance 1_0_0_0_1_0_0_1, best cost 54.7354 + 6605.42 = 6660.16 over 621 frames.
1_0_0_0_1_0_0_1 YES NO NO NO YES NO NO YES 
LOG (lattice-best-path[5.5.772~1-8eb56]:main():lattice-best-path.cc:99) For utterance 1_0_0_1_0_1_1_1, best cost 54.1728 + 7099.49 = 7153.66 over 613 frames.
1_0_0_1_0_1_1_1 YES NO NO YES NO YES YES YES 
LOG (lattice-best-path[5.5.772~1-8eb56]:main():lattice-best-path.cc:99) For utterance 1_0_1_0_1_0_0_1, best cost 56.2454 + 5389.98 = 5446.23 over 492 frames.
1_0_1_0_1_0_0_1 YES NO YES NO YES NO NO YES 
LOG (lattice-best-path[5.5.772~1-8eb56]:main():lattice-best-path.cc:99) For utterance 1_0_1_1_0_1_1_1, best cost 56.0165 + 6353.66 = 6409.68 over 594 frames.
1_0_1_1_0_1_1_1 YES NO YES YES NO YES YES YES 
LOG (lattice-best-path[5.5.772~1-8eb56]:main():lattice-best-path.cc:99) For utterance 1_0_1_1_1_0_1_0, best cost 56.5254 + 6436.66 = 6493.19 over 596 frames.
1_0_1_1_1_0_1_0 YES NO YES YES YES NO YES NO 
LOG (lattice-best-path[5.5.772~1-8eb56]:main():lattice-best-path.cc:99) For utterance 1_0_1_1_1_1_0_1, best cost 56.204 + 6790.48 = 6846.69 over 640 frames.
1_0_1_1_1_1_0_1 YES NO YES YES YES YES NO YES 
LOG (lattice-best-path[5.5.772~1-8eb56]:main():lattice-best-path.cc:99) For utterance 1_1_0_0_0_0_0_1, best cost 55.0675 + 6723.81 = 6778.88 over 606 frames.
1_1_0_0_0_0_0_1 YES YES NO NO NO NO NO YES 
LOG (lattice-best-path[5.5.772~1-8eb56]:main():lattice-best-path.cc:99) For utterance 1_1_0_0_0_1_1_1, best cost 51.7883 + 6589.85 = 6641.64 over 616 frames.
1_1_0_0_0_1_1_1 YES YES NO NO NO YES YES YES 
LOG (lattice-best-path[5.5.772~1-8eb56]:main():lattice-best-path.cc:99) For utterance 1_1_0_0_1_0_1_0, best cost 56.7011 + 6476.37 = 6533.07 over 570 frames.
1_1_0_0_1_0_1_0 YES YES NO NO YES NO YES NO 
LOG (lattice-best-path[5.5.772~1-8eb56]:main():lattice-best-path.cc:99) For utterance 1_1_0_0_1_0_1_1, best cost 56.2688 + 6489.06 = 6545.33 over 612 frames.
1_1_0_0_1_0_1_1 YES YES NO NO YES NO YES YES 
LOG (lattice-scale[5.5.772~1-8eb56]:main():lattice-scale.cc:107) Done 29 lattices.
LOG (lattice-best-path[5.5.772~1-8eb56]:main():lattice-best-path.cc:99) For utterance 1_1_0_0_1_1_1_0, best cost 56.3075 + 6621.91 = 6678.21 over 616 frames.
1_1_0_0_1_1_1_0 YES YES NO NO YES YES YES NO 
LOG (lattice-best-path[5.5.772~1-8eb56]:main():lattice-best-path.cc:99) For utterance 1_1_0_1_0_1_0_0, best cost 56.3748 + 5801.64 = 5858.01 over 546 frames.
1_1_0_1_0_1_0_0 YES YES NO YES NO YES NO NO 
LOG (lattice-best-path[5.5.772~1-8eb56]:main():lattice-best-path.cc:99) For utterance 1_1_0_1_0_1_1_0, best cost 56.5302 + 6296.23 = 6352.76 over 599 frames.
1_1_0_1_0_1_1_0 YES YES NO YES NO YES YES NO 
LOG (lattice-best-path[5.5.772~1-8eb56]:main():lattice-best-path.cc:99) For utterance 1_1_0_1_1_0_0_1, best cost 54.3924 + 6902.92 = 6957.31 over 612 frames.
1_1_0_1_1_0_0_1 YES YES NO YES YES NO NO YES 
LOG (lattice-best-path[5.5.772~1-8eb56]:main():lattice-best-path.cc:99) For utterance 1_1_0_1_1_0_1_1, best cost 58.8088 + 6243.96 = 6302.77 over 585 frames.
1_1_0_1_1_0_1_1 YES YES NO YES YES NO YES YES 
LOG (lattice-best-path[5.5.772~1-8eb56]:main():lattice-best-path.cc:99) For utterance 1_1_0_1_1_1_1_0, best cost 58.7465 + 6796.52 = 6855.26 over 619 frames.
1_1_0_1_1_1_1_0 YES YES NO YES YES YES YES NO 
LOG (lattice-best-path[5.5.772~1-8eb56]:main():lattice-best-path.cc:99) For utterance 1_1_1_0_0_0_0_1, best cost 49.9369 + 6361.39 = 6411.33 over 602 frames.
1_1_1_0_0_0_0_1 YES YES YES NO NO NO NO YES 
LOG (lattice-best-path[5.5.772~1-8eb56]:main():lattice-best-path.cc:99) For utterance 1_1_1_0_0_1_0_1, best cost 56.5518 + 6679.83 = 6736.39 over 633 frames.
1_1_1_0_0_1_0_1 YES YES YES NO NO YES NO YES 
LOG (lattice-best-path[5.5.772~1-8eb56]:main():lattice-best-path.cc:99) For utterance 1_1_1_0_0_1_1_1, best cost 55.9366 + 6273.36 = 6329.3 over 569 frames.
1_1_1_0_0_1_1_1 YES YES YES NO NO YES YES YES 
LOG (lattice-best-path[5.5.772~1-8eb56]:main():lattice-best-path.cc:99) For utterance 1_1_1_0_1_0_1_0, best cost 56.5289 + 6538.61 = 6595.14 over 605 frames.
1_1_1_0_1_0_1_0 YES YES YES NO YES NO YES NO 
LOG (lattice-best-path[5.5.772~1-8eb56]:main():lattice-best-path.cc:99) For utterance 1_1_1_0_1_0_1_1, best cost 55.9645 + 6585.86 = 6641.82 over 620 frames.
1_1_1_0_1_0_1_1 YES YES YES NO YES NO YES YES 
LOG (lattice-add-penalty[5.5.772~1-8eb56]:main():lattice-add-penalty.cc:62) Done adding word insertion penalty to 29 lattices.
LOG (lattice-best-path[5.5.772~1-8eb56]:main():lattice-best-path.cc:99) For utterance 1_1_1_1_0_0_1_0, best cost 57.121 + 7114.11 = 7171.23 over 670 frames.
1_1_1_1_0_0_1_0 YES YES YES YES NO NO YES NO 
LOG (lattice-best-path[5.5.772~1-8eb56]:main():lattice-best-path.cc:99) For utterance 1_1_1_1_0_1_0_0, best cost 53.624 + 6057.38 = 6111 over 538 frames.
1_1_1_1_0_1_0_0 YES YES YES YES NO YES NO NO 
LOG (lattice-best-path[5.5.772~1-8eb56]:main():lattice-best-path.cc:99) For utterance 1_1_1_1_1_0_0_0, best cost 54.6902 + 6834.26 = 6888.95 over 612 frames.
1_1_1_1_1_0_0_0 YES YES YES YES YES NO NO NO 
LOG (lattice-best-path[5.5.772~1-8eb56]:main():lattice-best-path.cc:99) For utterance 1_1_1_1_1_1_0_0, best cost 54.0961 + 7153.43 = 7207.53 over 656 frames.
1_1_1_1_1_1_0_0 YES YES YES YES YES YES NO NO 
LOG (lattice-best-path[5.5.772~1-8eb56]:main():lattice-best-path.cc:99) For utterance 1_1_1_1_1_1_1_1, best cost 55.8221 + 6675.34 = 6731.17 over 644 frames.
1_1_1_1_1_1_1_1 YES YES YES YES YES YES YES YES 
LOG (lattice-best-path[5.5.772~1-8eb56]:main():lattice-best-path.cc:124) Overall cost per frame is 10.9021 = 0.0911333 [graph] + 10.811 [acoustic] over 17651 frames.
LOG (lattice-best-path[5.5.772~1-8eb56]:main():lattice-best-path.cc:128) Done 29 lattices, failed for 0
# Accounting: time=0 threads=1
# Ended (code 0) at Mon Aug 24 16:36:35 CEST 2020, elapsed time 0 seconds
