# lattice-scale --inv-acoustic-scale=9 "ark:gunzip -c exp/mono/decode/lat.*.gz|" ark:- | lattice-add-penalty --word-ins-penalty=0.0 ark:- ark:- | lattice-best-path --word-symbol-table=exp/mono/graph/words.txt ark:- ark,t:exp/mono/decode/scoring/9.tra 
# Started at Mon Aug 24 16:36:35 CEST 2020
#
lattice-scale --inv-acoustic-scale=9 'ark:gunzip -c exp/mono/decode/lat.*.gz|' ark:- 
lattice-add-penalty --word-ins-penalty=0.0 ark:- ark:- 
lattice-best-path --word-symbol-table=exp/mono/graph/words.txt ark:- ark,t:exp/mono/decode/scoring/9.tra 
LOG (lattice-best-path[5.5.772~1-8eb56]:main():lattice-best-path.cc:99) For utterance 1_0_0_0_0_0_0_0, best cost 57.5198 + 6276.41 = 6333.93 over 668 frames.
1_0_0_0_0_0_0_0 YES NO NO NO NO NO NO NO 
LOG (lattice-best-path[5.5.772~1-8eb56]:main():lattice-best-path.cc:99) For utterance 1_0_0_0_0_0_0_1, best cost 51.1278 + 6451.9 = 6503.02 over 672 frames.
1_0_0_0_0_0_0_1 YES NO NO NO NO NO NO YES 
LOG (lattice-best-path[5.5.772~1-8eb56]:main():lattice-best-path.cc:99) For utterance 1_0_0_0_0_0_1_1, best cost 54.7885 + 5878.48 = 5933.26 over 625 frames.
1_0_0_0_0_0_1_1 YES NO NO NO NO NO YES YES 
LOG (lattice-best-path[5.5.772~1-8eb56]:main():lattice-best-path.cc:99) For utterance 1_0_0_0_1_0_0_1, best cost 54.7354 + 5871.49 = 5926.22 over 621 frames.
1_0_0_0_1_0_0_1 YES NO NO NO YES NO NO YES 
LOG (lattice-best-path[5.5.772~1-8eb56]:main():lattice-best-path.cc:99) For utterance 1_0_0_1_0_1_1_1, best cost 54.1728 + 6310.66 = 6364.83 over 613 frames.
1_0_0_1_0_1_1_1 YES NO NO YES NO YES YES YES 
LOG (lattice-best-path[5.5.772~1-8eb56]:main():lattice-best-path.cc:99) For utterance 1_0_1_0_1_0_0_1, best cost 56.2454 + 4791.1 = 4847.34 over 492 frames.
1_0_1_0_1_0_0_1 YES NO YES NO YES NO NO YES 
LOG (lattice-best-path[5.5.772~1-8eb56]:main():lattice-best-path.cc:99) For utterance 1_0_1_1_0_1_1_1, best cost 56.0165 + 5647.7 = 5703.72 over 594 frames.
1_0_1_1_0_1_1_1 YES NO YES YES NO YES YES YES 
LOG (lattice-best-path[5.5.772~1-8eb56]:main():lattice-best-path.cc:99) For utterance 1_0_1_1_1_0_1_0, best cost 56.5254 + 5721.48 = 5778 over 596 frames.
1_0_1_1_1_0_1_0 YES NO YES YES YES NO YES NO 
LOG (lattice-scale[5.5.772~1-8eb56]:main():lattice-scale.cc:107) Done 29 lattices.
LOG (lattice-best-path[5.5.772~1-8eb56]:main():lattice-best-path.cc:99) For utterance 1_0_1_1_1_1_0_1, best cost 56.204 + 6035.99 = 6092.19 over 640 frames.
1_0_1_1_1_1_0_1 YES NO YES YES YES YES NO YES 
LOG (lattice-best-path[5.5.772~1-8eb56]:main():lattice-best-path.cc:99) For utterance 1_1_0_0_0_0_0_1, best cost 55.0675 + 5976.72 = 6031.79 over 606 frames.
1_1_0_0_0_0_0_1 YES YES NO NO NO NO NO YES 
LOG (lattice-best-path[5.5.772~1-8eb56]:main():lattice-best-path.cc:99) For utterance 1_1_0_0_0_1_1_1, best cost 51.7883 + 5857.65 = 5909.43 over 616 frames.
1_1_0_0_0_1_1_1 YES YES NO NO NO YES YES YES 
LOG (lattice-best-path[5.5.772~1-8eb56]:main():lattice-best-path.cc:99) For utterance 1_1_0_0_1_0_1_0, best cost 56.7011 + 5756.77 = 5813.47 over 570 frames.
1_1_0_0_1_0_1_0 YES YES NO NO YES NO YES NO 
LOG (lattice-best-path[5.5.772~1-8eb56]:main():lattice-best-path.cc:99) For utterance 1_1_0_0_1_0_1_1, best cost 56.2688 + 5768.05 = 5824.32 over 612 frames.
1_1_0_0_1_0_1_1 YES YES NO NO YES NO YES YES 
LOG (lattice-best-path[5.5.772~1-8eb56]:main():lattice-best-path.cc:99) For utterance 1_1_0_0_1_1_1_0, best cost 56.3075 + 5886.14 = 5942.45 over 616 frames.
1_1_0_0_1_1_1_0 YES YES NO NO YES YES YES NO 
LOG (lattice-best-path[5.5.772~1-8eb56]:main():lattice-best-path.cc:99) For utterance 1_1_0_1_0_1_0_0, best cost 56.3748 + 5157.01 = 5213.39 over 546 frames.
1_1_0_1_0_1_0_0 YES YES NO YES NO YES NO NO 
LOG (lattice-best-path[5.5.772~1-8eb56]:main():lattice-best-path.cc:99) For utterance 1_1_0_1_0_1_1_0, best cost 56.5302 + 5596.65 = 5653.18 over 599 frames.
1_1_0_1_0_1_1_0 YES YES NO YES NO YES YES NO 
LOG (lattice-best-path[5.5.772~1-8eb56]:main():lattice-best-path.cc:99) For utterance 1_1_0_1_1_0_0_1, best cost 54.3924 + 6135.93 = 6190.32 over 612 frames.
1_1_0_1_1_0_0_1 YES YES NO YES YES NO NO YES 
LOG (lattice-best-path[5.5.772~1-8eb56]:main():lattice-best-path.cc:99) For utterance 1_1_0_1_1_0_1_1, best cost 58.8088 + 5550.19 = 5609 over 585 frames.
1_1_0_1_1_0_1_1 YES YES NO YES YES NO YES YES 
LOG (lattice-best-path[5.5.772~1-8eb56]:main():lattice-best-path.cc:99) For utterance 1_1_0_1_1_1_1_0, best cost 58.7465 + 6041.35 = 6100.09 over 619 frames.
1_1_0_1_1_1_1_0 YES YES NO YES YES YES YES NO 
LOG (lattice-best-path[5.5.772~1-8eb56]:main():lattice-best-path.cc:99) For utterance 1_1_1_0_0_0_0_1, best cost 49.9369 + 5654.57 = 5704.51 over 602 frames.
1_1_1_0_0_0_0_1 YES YES YES NO NO NO NO YES 
LOG (lattice-best-path[5.5.772~1-8eb56]:main():lattice-best-path.cc:99) For utterance 1_1_1_0_0_1_0_1, best cost 56.5518 + 5937.63 = 5994.18 over 633 frames.
1_1_1_0_0_1_0_1 YES YES YES NO NO YES NO YES 
LOG (lattice-best-path[5.5.772~1-8eb56]:main():lattice-best-path.cc:99) For utterance 1_1_1_0_0_1_1_1, best cost 55.9366 + 5576.32 = 5632.26 over 569 frames.
1_1_1_0_0_1_1_1 YES YES YES NO NO YES YES YES 
LOG (lattice-best-path[5.5.772~1-8eb56]:main():lattice-best-path.cc:99) For utterance 1_1_1_0_1_0_1_0, best cost 56.5289 + 5812.1 = 5868.63 over 605 frames.
1_1_1_0_1_0_1_0 YES YES YES NO YES NO YES NO 
LOG (lattice-add-penalty[5.5.772~1-8eb56]:main():lattice-add-penalty.cc:62) Done adding word insertion penalty to 29 lattices.
LOG (lattice-best-path[5.5.772~1-8eb56]:main():lattice-best-path.cc:99) For utterance 1_1_1_0_1_0_1_1, best cost 55.9645 + 5854.1 = 5910.06 over 620 frames.
1_1_1_0_1_0_1_1 YES YES YES NO YES NO YES YES 
LOG (lattice-best-path[5.5.772~1-8eb56]:main():lattice-best-path.cc:99) For utterance 1_1_1_1_0_0_1_0, best cost 57.121 + 6323.65 = 6380.77 over 670 frames.
1_1_1_1_0_0_1_0 YES YES YES YES NO NO YES NO 
LOG (lattice-best-path[5.5.772~1-8eb56]:main():lattice-best-path.cc:99) For utterance 1_1_1_1_0_1_0_0, best cost 53.624 + 5384.33 = 5437.96 over 538 frames.
1_1_1_1_0_1_0_0 YES YES YES YES NO YES NO NO 
LOG (lattice-best-path[5.5.772~1-8eb56]:main():lattice-best-path.cc:99) For utterance 1_1_1_1_1_0_0_0, best cost 54.6902 + 6074.9 = 6129.59 over 612 frames.
1_1_1_1_1_0_0_0 YES YES YES YES YES NO NO NO 
LOG (lattice-best-path[5.5.772~1-8eb56]:main():lattice-best-path.cc:99) For utterance 1_1_1_1_1_1_0_0, best cost 54.0961 + 6358.61 = 6412.7 over 656 frames.
1_1_1_1_1_1_0_0 YES YES YES YES YES YES NO NO 
LOG (lattice-best-path[5.5.772~1-8eb56]:main():lattice-best-path.cc:99) For utterance 1_1_1_1_1_1_1_1, best cost 55.8221 + 5933.64 = 5989.46 over 644 frames.
1_1_1_1_1_1_1_1 YES YES YES YES YES YES YES YES 
LOG (lattice-best-path[5.5.772~1-8eb56]:main():lattice-best-path.cc:124) Overall cost per frame is 9.70087 = 0.0911333 [graph] + 9.60974 [acoustic] over 17651 frames.
LOG (lattice-best-path[5.5.772~1-8eb56]:main():lattice-best-path.cc:128) Done 29 lattices, failed for 0
# Accounting: time=0 threads=1
# Ended (code 0) at Mon Aug 24 16:36:35 CEST 2020, elapsed time 0 seconds
