# gmm-latgen-faster --max-active=7000 --beam=13.0 --lattice-beam=6.0 --acoustic-scale=0.083333 --allow-partial=true --word-symbol-table=exp/mono/graph/words.txt exp/mono/final.mdl exp/mono/graph/HCLG.fst "ark,s,cs:apply-cmvn  --utt2spk=ark:data/test_yesno/split1/1/utt2spk scp:data/test_yesno/split1/1/cmvn.scp scp:data/test_yesno/split1/1/feats.scp ark:- | add-deltas  ark:- ark:- |" "ark:|gzip -c > exp/mono/decode/lat.1.gz" 
# Started at Mon Aug 24 16:36:34 CEST 2020
#
gmm-latgen-faster --max-active=7000 --beam=13.0 --lattice-beam=6.0 --acoustic-scale=0.083333 --allow-partial=true --word-symbol-table=exp/mono/graph/words.txt exp/mono/final.mdl exp/mono/graph/HCLG.fst 'ark,s,cs:apply-cmvn  --utt2spk=ark:data/test_yesno/split1/1/utt2spk scp:data/test_yesno/split1/1/cmvn.scp scp:data/test_yesno/split1/1/feats.scp ark:- | add-deltas  ark:- ark:- |' 'ark:|gzip -c > exp/mono/decode/lat.1.gz' 
add-deltas ark:- ark:- 
apply-cmvn --utt2spk=ark:data/test_yesno/split1/1/utt2spk scp:data/test_yesno/split1/1/cmvn.scp scp:data/test_yesno/split1/1/feats.scp ark:- 
1_0_0_0_0_0_0_0 YES NO NO NO NO NO NO NO 
LOG (gmm-latgen-faster[5.5.772~1-8eb56]:DecodeUtteranceLatticeFaster():decoder-wrappers.cc:375) Log-like per frame for utterance 1_0_0_0_0_0_0_0 is -7.13295 over 668 frames.
1_0_0_0_0_0_0_1 YES NO NO NO NO NO NO YES 
LOG (gmm-latgen-faster[5.5.772~1-8eb56]:DecodeUtteranceLatticeFaster():decoder-wrappers.cc:375) Log-like per frame for utterance 1_0_0_0_0_0_0_1 is -7.27683 over 672 frames.
1_0_0_0_0_0_1_1 YES NO NO NO NO NO YES YES 
LOG (gmm-latgen-faster[5.5.772~1-8eb56]:DecodeUtteranceLatticeFaster():decoder-wrappers.cc:375) Log-like per frame for utterance 1_0_0_0_0_0_1_1 is -7.1418 over 625 frames.
1_0_0_0_1_0_0_1 YES NO NO NO YES NO NO YES 
LOG (gmm-latgen-faster[5.5.772~1-8eb56]:DecodeUtteranceLatticeFaster():decoder-wrappers.cc:375) Log-like per frame for utterance 1_0_0_0_1_0_0_1 is -7.17928 over 621 frames.
1_0_0_1_0_1_1_1 YES NO NO YES NO YES YES YES 
LOG (gmm-latgen-faster[5.5.772~1-8eb56]:DecodeUtteranceLatticeFaster():decoder-wrappers.cc:375) Log-like per frame for utterance 1_0_0_1_0_1_1_1 is -7.80937 over 613 frames.
1_0_1_0_1_0_0_1 YES NO YES NO YES NO NO YES 
LOG (gmm-latgen-faster[5.5.772~1-8eb56]:DecodeUtteranceLatticeFaster():decoder-wrappers.cc:375) Log-like per frame for utterance 1_0_1_0_1_0_0_1 is -7.41779 over 492 frames.
1_0_1_1_0_1_1_1 YES NO YES YES NO YES YES YES 
LOG (gmm-latgen-faster[5.5.772~1-8eb56]:DecodeUtteranceLatticeFaster():decoder-wrappers.cc:375) Log-like per frame for utterance 1_0_1_1_0_1_1_1 is -7.22521 over 594 frames.
1_0_1_1_1_0_1_0 YES NO YES YES YES NO YES NO 
LOG (gmm-latgen-faster[5.5.772~1-8eb56]:DecodeUtteranceLatticeFaster():decoder-wrappers.cc:375) Log-like per frame for utterance 1_0_1_1_1_0_1_0 is -7.29466 over 596 frames.
1_0_1_1_1_1_0_1 YES NO YES YES YES YES NO YES 
LOG (gmm-latgen-faster[5.5.772~1-8eb56]:DecodeUtteranceLatticeFaster():decoder-wrappers.cc:375) Log-like per frame for utterance 1_0_1_1_1_1_0_1 is -7.16121 over 640 frames.
1_1_0_0_0_0_0_1 YES YES NO NO NO NO NO YES 
LOG (gmm-latgen-faster[5.5.772~1-8eb56]:DecodeUtteranceLatticeFaster():decoder-wrappers.cc:375) Log-like per frame for utterance 1_1_0_0_0_0_0_1 is -7.48777 over 606 frames.
1_1_0_0_0_1_1_1 YES YES NO NO NO YES YES YES 
LOG (gmm-latgen-faster[5.5.772~1-8eb56]:DecodeUtteranceLatticeFaster():decoder-wrappers.cc:375) Log-like per frame for utterance 1_1_0_0_0_1_1_1 is -7.21592 over 616 frames.
1_1_0_0_1_0_1_0 YES YES NO NO YES NO YES NO 
LOG (gmm-latgen-faster[5.5.772~1-8eb56]:DecodeUtteranceLatticeFaster():decoder-wrappers.cc:375) Log-like per frame for utterance 1_1_0_0_1_0_1_0 is -7.67415 over 570 frames.
1_1_0_0_1_0_1_1 YES YES NO NO YES NO YES YES 
LOG (gmm-latgen-faster[5.5.772~1-8eb56]:DecodeUtteranceLatticeFaster():decoder-wrappers.cc:375) Log-like per frame for utterance 1_1_0_0_1_0_1_1 is -7.1606 over 612 frames.
1_1_0_0_1_1_1_0 YES YES NO NO YES YES YES NO 
LOG (gmm-latgen-faster[5.5.772~1-8eb56]:DecodeUtteranceLatticeFaster():decoder-wrappers.cc:375) Log-like per frame for utterance 1_1_0_0_1_1_1_0 is -7.25794 over 616 frames.
1_1_0_1_0_1_0_0 YES YES NO YES NO YES NO NO 
LOG (gmm-latgen-faster[5.5.772~1-8eb56]:DecodeUtteranceLatticeFaster():decoder-wrappers.cc:375) Log-like per frame for utterance 1_1_0_1_0_1_0_0 is -7.18703 over 546 frames.
1_1_0_1_0_1_1_0 YES YES NO YES NO YES YES NO 
LOG (gmm-latgen-faster[5.5.772~1-8eb56]:DecodeUtteranceLatticeFaster():decoder-wrappers.cc:375) Log-like per frame for utterance 1_1_0_1_0_1_1_0 is -7.10184 over 599 frames.
1_1_0_1_1_0_0_1 YES YES NO YES YES NO NO YES 
LOG (gmm-latgen-faster[5.5.772~1-8eb56]:DecodeUtteranceLatticeFaster():decoder-wrappers.cc:375) Log-like per frame for utterance 1_1_0_1_1_0_0_1 is -7.60837 over 612 frames.
1_1_0_1_1_0_1_1 YES YES NO YES YES NO YES YES 
LOG (gmm-latgen-faster[5.5.772~1-8eb56]:DecodeUtteranceLatticeFaster():decoder-wrappers.cc:375) Log-like per frame for utterance 1_1_0_1_1_0_1_1 is -7.21612 over 585 frames.
1_1_0_1_1_1_1_0 YES YES NO YES YES YES YES NO 
LOG (gmm-latgen-faster[5.5.772~1-8eb56]:DecodeUtteranceLatticeFaster():decoder-wrappers.cc:375) Log-like per frame for utterance 1_1_0_1_1_1_1_0 is -7.41476 over 619 frames.
1_1_1_0_0_0_0_1 YES YES YES NO NO NO NO YES 
LOG (gmm-latgen-faster[5.5.772~1-8eb56]:DecodeUtteranceLatticeFaster():decoder-wrappers.cc:375) Log-like per frame for utterance 1_1_1_0_0_0_0_1 is -7.12765 over 602 frames.
1_1_1_0_0_1_0_1 YES YES YES NO NO YES NO YES 
LOG (gmm-latgen-faster[5.5.772~1-8eb56]:DecodeUtteranceLatticeFaster():decoder-wrappers.cc:375) Log-like per frame for utterance 1_1_1_0_0_1_0_1 is -7.12442 over 633 frames.
1_1_1_0_0_1_1_1 YES YES YES NO NO YES YES YES 
LOG (gmm-latgen-faster[5.5.772~1-8eb56]:DecodeUtteranceLatticeFaster():decoder-wrappers.cc:375) Log-like per frame for utterance 1_1_1_0_0_1_1_1 is -7.44843 over 569 frames.
1_1_1_0_1_0_1_0 YES YES YES NO YES NO YES NO 
LOG (gmm-latgen-faster[5.5.772~1-8eb56]:DecodeUtteranceLatticeFaster():decoder-wrappers.cc:375) Log-like per frame for utterance 1_1_1_0_1_0_1_0 is -7.29849 over 605 frames.
1_1_1_0_1_0_1_1 YES YES YES NO YES NO YES YES 
LOG (gmm-latgen-faster[5.5.772~1-8eb56]:DecodeUtteranceLatticeFaster():decoder-wrappers.cc:375) Log-like per frame for utterance 1_1_1_0_1_0_1_1 is -7.1718 over 620 frames.
1_1_1_1_0_0_1_0 YES YES YES YES NO NO YES NO 
LOG (gmm-latgen-faster[5.5.772~1-8eb56]:DecodeUtteranceLatticeFaster():decoder-wrappers.cc:375) Log-like per frame for utterance 1_1_1_1_0_0_1_0 is -7.16394 over 670 frames.
1_1_1_1_0_1_0_0 YES YES YES YES NO YES NO NO 
LOG (gmm-latgen-faster[5.5.772~1-8eb56]:DecodeUtteranceLatticeFaster():decoder-wrappers.cc:375) Log-like per frame for utterance 1_1_1_1_0_1_0_0 is -7.60568 over 538 frames.
LOG (apply-cmvn[5.5.772~1-8eb56]:main():apply-cmvn.cc:162) Applied cepstral mean normalization to 29 utterances, errors on 0
1_1_1_1_1_0_0_0 YES YES YES YES YES NO NO NO 
LOG (gmm-latgen-faster[5.5.772~1-8eb56]:DecodeUtteranceLatticeFaster():decoder-wrappers.cc:375) Log-like per frame for utterance 1_1_1_1_1_0_0_0 is -7.53407 over 612 frames.
1_1_1_1_1_1_0_0 YES YES YES YES YES YES NO NO 
LOG (gmm-latgen-faster[5.5.772~1-8eb56]:DecodeUtteranceLatticeFaster():decoder-wrappers.cc:375) Log-like per frame for utterance 1_1_1_1_1_1_0_0 is -7.35218 over 656 frames.
1_1_1_1_1_1_1_1 YES YES YES YES YES YES YES YES 
LOG (gmm-latgen-faster[5.5.772~1-8eb56]:DecodeUtteranceLatticeFaster():decoder-wrappers.cc:375) Log-like per frame for utterance 1_1_1_1_1_1_1_1 is -6.99695 over 644 frames.
LOG (gmm-latgen-faster[5.5.772~1-8eb56]:main():gmm-latgen-faster.cc:176) Time taken 0.564246s: real-time factor assuming 100 frames/sec is 0.00319668
LOG (gmm-latgen-faster[5.5.772~1-8eb56]:main():gmm-latgen-faster.cc:179) Done 29 utterances, failed for 0
LOG (gmm-latgen-faster[5.5.772~1-8eb56]:main():gmm-latgen-faster.cc:181) Overall log-likelihood per frame is -7.29841 over 17651 frames.
# Accounting: time=1 threads=1
# Ended (code 0) at Mon Aug 24 16:36:35 CEST 2020, elapsed time 1 seconds
