# gmm-est --write-occs=exp/mono/36.occs --mix-up=971 --power=0.25 exp/mono/35.mdl "gmm-sum-accs - exp/mono/35.*.acc|" exp/mono/36.mdl 
# Started at Mon Aug 24 15:16:41 CEST 2020
#
gmm-est --write-occs=exp/mono/36.occs --mix-up=971 --power=0.25 exp/mono/35.mdl 'gmm-sum-accs - exp/mono/35.*.acc|' exp/mono/36.mdl 
gmm-sum-accs - exp/mono/35.1.acc 
LOG (gmm-sum-accs[5.5.772~1-8eb56]:main():gmm-sum-accs.cc:63) Summed 1 stats, total count 18996, avg like/frame -78.5472
LOG (gmm-sum-accs[5.5.772~1-8eb56]:main():gmm-sum-accs.cc:66) Total count of stats is 18996
LOG (gmm-sum-accs[5.5.772~1-8eb56]:main():gmm-sum-accs.cc:67) Written stats to -
LOG (gmm-est[5.5.772~1-8eb56]:MleUpdate():transition-model.cc:528) TransitionModel::Update, objf change is 4.87276e-08 per frame over 18996 frames. 
LOG (gmm-est[5.5.772~1-8eb56]:MleUpdate():transition-model.cc:531) 6 probabilities floored, 0 out of 11 transition-states skipped due to insuffient data (it is normal to have some skipped.)
LOG (gmm-est[5.5.772~1-8eb56]:main():gmm-est.cc:102) Transition model update: Overall 4.87276e-08 log-like improvement per frame over 18996 frames.
LOG (gmm-est[5.5.772~1-8eb56]:MleAmDiagGmmUpdate():mle-am-diag-gmm.cc:225) 0 variance elements floored in 0 Gaussians, out of 942
LOG (gmm-est[5.5.772~1-8eb56]:MleAmDiagGmmUpdate():mle-am-diag-gmm.cc:229) Removed 0 Gaussians due to counts < --min-gaussian-occupancy=10 and --remove-low-count-gaussians=true
LOG (gmm-est[5.5.772~1-8eb56]:main():gmm-est.cc:113) GMM update: Overall 0.0266758 objective function improvement per frame over 18996 frames
LOG (gmm-est[5.5.772~1-8eb56]:main():gmm-est.cc:116) GMM update: Overall avg like per frame = -78.5472 over 18996 frames.
WARNING (gmm-est[5.5.772~1-8eb56]:GetSplitTargets():model-common.cc:134) Could not split up to 971 due to min-count = 20 (or no counts at all)

LOG (gmm-est[5.5.772~1-8eb56]:SplitByCount():am-diag-gmm.cc:116) Split 11 states with target = 971, power = 0.25, perturb_factor = 0.01 and min_count = 20, split #Gauss from 942 to 942
LOG (gmm-est[5.5.772~1-8eb56]:main():gmm-est.cc:146) Written model to exp/mono/36.mdl
# Accounting: time=0 threads=1
# Ended (code 0) at Mon Aug 24 15:16:41 CEST 2020, elapsed time 0 seconds
