# gmm-est --write-occs=exp/mono/20.occs --mix-up=587 --power=0.25 exp/mono/19.mdl "gmm-sum-accs - exp/mono/19.*.acc|" exp/mono/20.mdl 
# Started at Mon Aug 24 15:16:36 CEST 2020
#
gmm-est --write-occs=exp/mono/20.occs --mix-up=587 --power=0.25 exp/mono/19.mdl 'gmm-sum-accs - exp/mono/19.*.acc|' exp/mono/20.mdl 
gmm-sum-accs - exp/mono/19.1.acc 
LOG (gmm-sum-accs[5.5.772~1-8eb56]:main():gmm-sum-accs.cc:63) Summed 1 stats, total count 18996, avg like/frame -81.1243
LOG (gmm-sum-accs[5.5.772~1-8eb56]:main():gmm-sum-accs.cc:66) Total count of stats is 18996
LOG (gmm-sum-accs[5.5.772~1-8eb56]:main():gmm-sum-accs.cc:67) Written stats to -
LOG (gmm-est[5.5.772~1-8eb56]:MleUpdate():transition-model.cc:528) TransitionModel::Update, objf change is 0 per frame over 18996 frames. 
LOG (gmm-est[5.5.772~1-8eb56]:MleUpdate():transition-model.cc:531) 6 probabilities floored, 0 out of 11 transition-states skipped due to insuffient data (it is normal to have some skipped.)
LOG (gmm-est[5.5.772~1-8eb56]:main():gmm-est.cc:102) Transition model update: Overall 0 log-like improvement per frame over 18996 frames.
WARNING (gmm-est[5.5.772~1-8eb56]:MleDiagGmmUpdate():mle-diag-gmm.cc:359) Too little data - removing Gaussian (weight 0.011476, occupation count 9.961370, vector size 39)
LOG (gmm-est[5.5.772~1-8eb56]:MleAmDiagGmmUpdate():mle-am-diag-gmm.cc:225) 0 variance elements floored in 0 Gaussians, out of 554
LOG (gmm-est[5.5.772~1-8eb56]:MleAmDiagGmmUpdate():mle-am-diag-gmm.cc:229) Removed 1 Gaussians due to counts < --min-gaussian-occupancy=10 and --remove-low-count-gaussians=true
LOG (gmm-est[5.5.772~1-8eb56]:main():gmm-est.cc:113) GMM update: Overall 0.113071 objective function improvement per frame over 18996 frames
LOG (gmm-est[5.5.772~1-8eb56]:main():gmm-est.cc:116) GMM update: Overall avg like per frame = -81.1243 over 18996 frames.
LOG (gmm-est[5.5.772~1-8eb56]:SplitByCount():am-diag-gmm.cc:116) Split 11 states with target = 587, power = 0.25, perturb_factor = 0.01 and min_count = 20, split #Gauss from 554 to 587
LOG (gmm-est[5.5.772~1-8eb56]:main():gmm-est.cc:146) Written model to exp/mono/20.mdl
# Accounting: time=0 threads=1
# Ended (code 0) at Mon Aug 24 15:16:36 CEST 2020, elapsed time 0 seconds
